#
# There is insufficient memory for the Java Runtime Environment to continue.
# Native memory allocation (mmap) failed to map 134217728 bytes for G1 virtual space
# Possible reasons:
#   The system is out of physical RAM or swap space
#   The process is running with CompressedOops enabled, and the Java Heap may be blocking the growth of the native heap
# Possible solutions:
#   Reduce memory load on the system
#   Increase physical memory or swap space
#   Check if swap backing store is full
#   Decrease Java heap size (-Xmx/-Xms)
#   Decrease number of Java threads
#   Decrease Java thread stack sizes (-Xss)
#   Set larger code cache with -XX:ReservedCodeCacheSize=
#   JVM is running with Unscaled Compressed Oops mode in which the Java heap is
#     placed in the first 4GB address space. The Java Heap base address is the
#     maximum limit for the native heap growth. Please use -XX:HeapBaseMinAddress
#     to set the Java Heap base and to place the Java Heap above 4GB virtual address.
# This output file may be truncated or incomplete.
#
#  Out of Memory Error (os_windows.cpp:3541), pid=31548, tid=33508
#
# JRE version:  (17.0.4+8) (build )
# Java VM: OpenJDK 64-Bit Server VM (17.0.4+8, mixed mode, sharing, tiered, compressed oops, compressed class ptrs, g1 gc, windows-amd64)
# No core dump will be written. Minidumps are not enabled by default on client versions of Windows
#

---------------  S U M M A R Y ------------

Command Line: -Dfile.encoding=Cp1252 -XX:+ShowCodeDetailsInExceptionMessages Principal

Host: Intel(R) Core(TM) i5-8250U CPU @ 1.60GHz, 8 cores, 7G,  Windows 11 , 64 bit Build 22621 (10.0.22621.1635)
Time: Wed Jun 14 13:54:09 2023 Hora Padrão de Buenos Aires elapsed time: 0.023311 seconds (0d 0h 0m 0s)

---------------  T H R E A D  ---------------

Current thread (0x00000291e94aa4a0):  JavaThread "Unknown thread" [_thread_in_vm, id=33508, stack(0x000000c051600000,0x000000c051700000)]

Stack: [0x000000c051600000,0x000000c051700000]
Native frames: (J=compiled Java code, j=interpreted, Vv=VM code, C=native code)
V  [jvm.dll+0x67733a]
V  [jvm.dll+0x8323c4]
V  [jvm.dll+0x833b6e]
V  [jvm.dll+0x8341d3]
V  [jvm.dll+0x2455e5]
V  [jvm.dll+0x674229]
V  [jvm.dll+0x668ab2]
V  [jvm.dll+0x30458b]
V  [jvm.dll+0x30bad6]
V  [jvm.dll+0x35ba7e]
V  [jvm.dll+0x35bcaf]
V  [jvm.dll+0x2db428]
V  [jvm.dll+0x2dc394]
V  [jvm.dll+0x803ef1]
V  [jvm.dll+0x3698d1]
V  [jvm.dll+0x7e320c]
V  [jvm.dll+0x3ec23f]
V  [jvm.dll+0x3eddc1]
C  [jli.dll+0x5277]
C  [ucrtbase.dll+0x29363]
C  [KERNEL32.DLL+0x126ad]
C  [ntdll.dll+0x5a9f8]


---------------  P R O C E S S  ---------------

Threads class SMR info:
_java_thread_list=0x00007ff93f3b4e98, length=0, elements={
}

Java Threads: ( => current thread )

Other Threads:
  0x00000291e9507800 GCTaskThread "GC Thread#0" [stack: 0x000000c051700000,0x000000c051800000] [id=564]
  0x00000291e9518d00 ConcurrentGCThread "G1 Main Marker" [stack: 0x000000c051800000,0x000000c051900000] [id=30620]
  0x00000291e9519620 ConcurrentGCThread "G1 Conc#0" [stack: 0x000000c051900000,0x000000c051a00000] [id=31604]

[error occurred during error reporting (printing all threads), id 0xc0000005, EXCEPTION_ACCESS_VIOLATION (0xc0000005) at pc=0x00007ff93eb8beb7]

VM state: not at safepoint (not fully initialized)

VM Mutex/Monitor currently owned by a thread:  ([mutex/lock_event])
[0x00000291e727b620] Heap_lock - owner thread: 0x00000291e94aa4a0

Heap address: 0x0000000081600000, size: 2026 MB, Compressed Oops mode: 32-bit

CDS archive(s) mapped at: [0x0000000000000000-0x0000000000000000-0x0000000000000000), size 0, SharedBaseAddress: 0x0000000800000000, ArchiveRelocationMode: 0.
Narrow klass base: 0x0000000000000000, Narrow klass shift: 0, Narrow klass range: 0x0

GC Precious Log:
<Empty>

Heap:
 garbage-first heap   total 0K, used 0K [0x0000000081600000, 0x0000000100000000)
  region size 1024K, 0 young (0K), 0 survivors (0K)

[error occurred during error reporting (printing heap information), id 0xc0000005, EXCEPTION_ACCESS_VIOLATION (0xc0000005) at pc=0x00007ff93ef706b9]

GC Heap History (0 events):
No events

Deoptimization events (0 events):
No events

Classes unloaded (0 events):
No events

Classes redefined (0 events):
No events

Internal exceptions (0 events):
No events

VM Operations (0 events):
No events

Events (1 events):
Event: 0.017 Loaded shared library C:\Users\hosan\.p2\pool\plugins\org.eclipse.justj.openjdk.hotspot.jre.full.win32.x86_64_17.0.4.v20220805-1047\jre\bin\java.dll


Dynamic libraries:
0x00007ff657510000 - 0x00007ff65751e000 	C:\Users\hosan\.p2\pool\plugins\org.eclipse.justj.openjdk.hotspot.jre.full.win32.x86_64_17.0.4.v20220805-1047\jre\bin\javaw.exe
0x00007ff9b2830000 - 0x00007ff9b2a44000 	C:\WINDOWS\SYSTEM32\ntdll.dll
0x00007ff9b0bd0000 - 0x00007ff9b0c92000 	C:\WINDOWS\System32\KERNEL32.DLL
0x00007ff9afc50000 - 0x00007ff9afff3000 	C:\WINDOWS\System32\KERNELBASE.dll
0x00007ff9b0280000 - 0x00007ff9b0391000 	C:\WINDOWS\System32\ucrtbase.dll
0x00007ff995f80000 - 0x00007ff995f99000 	C:\Users\hosan\.p2\pool\plugins\org.eclipse.justj.openjdk.hotspot.jre.full.win32.x86_64_17.0.4.v20220805-1047\jre\bin\VCRUNTIME140.dll
0x00007ff9931e0000 - 0x00007ff9931f8000 	C:\Users\hosan\.p2\pool\plugins\org.eclipse.justj.openjdk.hotspot.jre.full.win32.x86_64_17.0.4.v20220805-1047\jre\bin\jli.dll
0x00007ff9b23f0000 - 0x00007ff9b259b000 	C:\WINDOWS\System32\USER32.dll
0x00007ff9b0250000 - 0x00007ff9b0276000 	C:\WINDOWS\System32\win32u.dll
0x00007ff9a71f0000 - 0x00007ff9a747e000 	C:\WINDOWS\WinSxS\amd64_microsoft.windows.common-controls_6595b64144ccf1df_6.0.22621.1635_none_270f70857386168e\COMCTL32.dll
0x00007ff9b1f80000 - 0x00007ff9b1fa9000 	C:\WINDOWS\System32\GDI32.dll
0x00007ff9b00c0000 - 0x00007ff9b01d8000 	C:\WINDOWS\System32\gdi32full.dll
0x00007ff9b25a0000 - 0x00007ff9b2647000 	C:\WINDOWS\System32\msvcrt.dll
0x00007ff9b0510000 - 0x00007ff9b05aa000 	C:\WINDOWS\System32\msvcp_win.dll
0x00007ff9b23b0000 - 0x00007ff9b23e1000 	C:\WINDOWS\System32\IMM32.DLL
0x00007ff99f120000 - 0x00007ff99f12c000 	C:\Users\hosan\.p2\pool\plugins\org.eclipse.justj.openjdk.hotspot.jre.full.win32.x86_64_17.0.4.v20220805-1047\jre\bin\vcruntime140_1.dll
0x00007ff980f70000 - 0x00007ff981001000 	C:\Users\hosan\.p2\pool\plugins\org.eclipse.justj.openjdk.hotspot.jre.full.win32.x86_64_17.0.4.v20220805-1047\jre\bin\msvcp140.dll
0x00007ff93e8a0000 - 0x00007ff93f4e6000 	C:\Users\hosan\.p2\pool\plugins\org.eclipse.justj.openjdk.hotspot.jre.full.win32.x86_64_17.0.4.v20220805-1047\jre\bin\server\jvm.dll
0x00007ff9b1cd0000 - 0x00007ff9b1d7e000 	C:\WINDOWS\System32\ADVAPI32.dll
0x00007ff9b1c10000 - 0x00007ff9b1cb4000 	C:\WINDOWS\System32\sechost.dll
0x00007ff9b26d0000 - 0x00007ff9b27e7000 	C:\WINDOWS\System32\RPCRT4.dll
0x00007ff9b0690000 - 0x00007ff9b0698000 	C:\WINDOWS\System32\PSAPI.DLL
0x00007ff9978f0000 - 0x00007ff9978f9000 	C:\WINDOWS\SYSTEM32\WSOCK32.dll
0x00007ff9a9a60000 - 0x00007ff9a9a94000 	C:\WINDOWS\SYSTEM32\WINMM.dll
0x00007ff9a8a40000 - 0x00007ff9a8a4a000 	C:\WINDOWS\SYSTEM32\VERSION.dll
0x00007ff9b1d80000 - 0x00007ff9b1df1000 	C:\WINDOWS\System32\WS2_32.dll
0x00007ff9aeca0000 - 0x00007ff9aecb8000 	C:\WINDOWS\SYSTEM32\kernel.appcore.dll
0x00007ff9acb30000 - 0x00007ff9acb3a000 	C:\Users\hosan\.p2\pool\plugins\org.eclipse.justj.openjdk.hotspot.jre.full.win32.x86_64_17.0.4.v20220805-1047\jre\bin\jimage.dll
0x00007ff9ada00000 - 0x00007ff9adc2e000 	C:\WINDOWS\SYSTEM32\DBGHELP.DLL
0x00007ff9b1fb0000 - 0x00007ff9b2339000 	C:\WINDOWS\System32\combase.dll
0x00007ff9b1ea0000 - 0x00007ff9b1f77000 	C:\WINDOWS\System32\OLEAUT32.dll
0x00007ff99d830000 - 0x00007ff99d862000 	C:\WINDOWS\SYSTEM32\dbgcore.DLL
0x00007ff9b05b0000 - 0x00007ff9b062b000 	C:\WINDOWS\System32\bcryptPrimitives.dll
0x00007ff981db0000 - 0x00007ff981dd5000 	C:\Users\hosan\.p2\pool\plugins\org.eclipse.justj.openjdk.hotspot.jre.full.win32.x86_64_17.0.4.v20220805-1047\jre\bin\java.dll

dbghelp: loaded successfully - version: 4.0.5 - missing functions: none
symbol engine: initialized successfully - sym options: 0x614 - pdb path: .;C:\Users\hosan\.p2\pool\plugins\org.eclipse.justj.openjdk.hotspot.jre.full.win32.x86_64_17.0.4.v20220805-1047\jre\bin;C:\WINDOWS\SYSTEM32;C:\WINDOWS\WinSxS\amd64_microsoft.windows.common-controls_6595b64144ccf1df_6.0.22621.1635_none_270f70857386168e;C:\Users\hosan\.p2\pool\plugins\org.eclipse.justj.openjdk.hotspot.jre.full.win32.x86_64_17.0.4.v20220805-1047\jre\bin\server

VM Arguments:
jvm_args: -Dfile.encoding=Cp1252 -XX:+ShowCodeDetailsInExceptionMessages 
java_command: Principal
java_class_path (initial): C:\Users\hosan\Downloads\ProjMundoWumpus\bin
Launcher Type: SUN_STANDARD

[Global flags]
     intx CICompilerCount                          = 4                                         {product} {ergonomic}
     uint ConcGCThreads                            = 2                                         {product} {ergonomic}
     uint G1ConcRefinementThreads                  = 8                                         {product} {ergonomic}
   size_t G1HeapRegionSize                         = 1048576                                   {product} {ergonomic}
    uintx GCDrainStackTargetSize                   = 64                                        {product} {ergonomic}
   size_t InitialHeapSize                          = 134217728                                 {product} {ergonomic}
   size_t MarkStackSize                            = 4194304                                   {product} {ergonomic}
   size_t MaxHeapSize                              = 2124414976                                {product} {ergonomic}
   size_t MinHeapDeltaBytes                        = 1048576                                   {product} {ergonomic}
   size_t MinHeapSize                              = 8388608                                   {product} {ergonomic}
    uintx NonNMethodCodeHeapSize                   = 5839372                                {pd product} {ergonomic}
    uintx NonProfiledCodeHeapSize                  = 122909434                              {pd product} {ergonomic}
    uintx ProfiledCodeHeapSize                     = 122909434                              {pd product} {ergonomic}
    uintx ReservedCodeCacheSize                    = 251658240                              {pd product} {ergonomic}
     bool SegmentedCodeCache                       = true                                      {product} {ergonomic}
     bool ShowCodeDetailsInExceptionMessages       = true                                   {manageable} {command line}
   size_t SoftMaxHeapSize                          = 2124414976                             {manageable} {ergonomic}
     bool UseCompressedClassPointers               = true                           {product lp64_product} {ergonomic}
     bool UseCompressedOops                        = true                           {product lp64_product} {ergonomic}
     bool UseG1GC                                  = true                                      {product} {ergonomic}
     bool UseLargePagesIndividualAllocation        = false                                  {pd product} {ergonomic}

Logging:
Log output configuration:
 #0: stdout all=warning uptime,level,tags
 #1: stderr all=off uptime,level,tags

Environment Variables:
JAVA_HOME=C:\Users\hosan\jdk-19.0.2
PATH=C:/Users/hosan/.p2/pool/plugins/org.eclipse.justj.openjdk.hotspot.jre.full.win32.x86_64_17.0.4.v20220805-1047/jre/bin/server;C:/Users/hosan/.p2/pool/plugins/org.eclipse.justj.openjdk.hotspot.jre.full.win32.x86_64_17.0.4.v20220805-1047/jre/bin;C:\Program Files (x86)\Common Files\Oracle\Java\javapath;C:\WINDOWS\system32;C:\WINDOWS;C:\WINDOWS\System32\Wbem;C:\WINDOWS\System32\WindowsPowerShell\v1.0\;C:\WINDOWS\System32\OpenSSH\;C:\Program Files\dotnet\;C:\Program Files\nodejs\;C:\Users\hosan\AppData\Local\Android\Sdk\platform-tools;C:\Program Files\Git\cmd;C:\Users\hosan\AppData\Local\Microsoft\WindowsApps;C:\Users\hosan\.dotnet\tools;C:\Users\hosan\AppData\Roaming\npm;C:\Users\hosan\AppData\Local\Android\Sdk\platform-tools;C:\Users\hosan\AppData\Local\Programs\Microsoft VS Code\bin;C:\php;C:\Users\hosan\jdk-19.0.2\bin;C:\Users\hosan\apache-maven-3.9.0\bin;;C:\Program Files\JetBrains\IntelliJ IDEA 2022.3.3\bin;;C:\altera\13.0sp1\modelsim_ase\win32aloem;C:\WINDOWS\system32;
USERNAME=hosan
OS=Windows_NT
PROCESSOR_IDENTIFIER=Intel64 Family 6 Model 142 Stepping 10, GenuineIntel
TMP=C:\Users\hosan\AppData\Local\Temp
TEMP=C:\Users\hosan\AppData\Local\Temp



---------------  S Y S T E M  ---------------

OS:
 Windows 11 , 64 bit Build 22621 (10.0.22621.1635)
OS uptime: 1 days 3:23 hours

CPU: total 8 (initial active 8) (4 cores per cpu, 2 threads per core) family 6 model 142 stepping 10 microcode 0xe0, cx8, cmov, fxsr, ht, mmx, 3dnowpref, sse, sse2, sse3, ssse3, sse4.1, sse4.2, popcnt, lzcnt, tsc, tscinvbit, avx, avx2, aes, erms, clmul, bmi1, bmi2, adx, fma, vzeroupper, clflush, clflushopt

Memory: 4k page, system-wide physical 8101M (1771M free)
TotalPageFile size 32677M (AvailPageFile size 26M)
current process WorkingSet (physical memory assigned to process): 11M, peak: 11M
current process commit charge ("private bytes"): 60M, peak: 188M

vm_info: OpenJDK 64-Bit Server VM (17.0.4+8) for windows-amd64 JRE (17.0.4+8), built on Jul 19 2022 16:05:16 by "temurin" with MS VC++ 16.7 (VS2019)

END.
